<?xml version="1.0" encoding="UTF-8"?>
<!-- Generated by org.testng.reporters.JUnitReportReporter -->
<testsuite skipped="0" hostname="DESKTOP-SCRIOB2" name="TestCasesScript_Using_HashMap.CreateCustomer_Map" tests="1" failures="0" timestamp="06 Dec 2019 12:16:57 GMT" time="3.506" errors="0">
  <testcase name="CreateCustomerValidSecretKey" time="3.506" classname="TestCasesScript_Using_HashMap.CreateCustomer_Map"/>
</testsuite> <!-- TestCasesScript_Using_HashMap.CreateCustomer_Map -->
