<?xml version="1.0" encoding="UTF-8"?>
<!-- Generated by org.testng.reporters.JUnitReportReporter -->
<testsuite skipped="0" hostname="DESKTOP-SCRIOB2" name="TestCasesScript_Using_ConfigProperties.CreateCustomer" tests="1" failures="0" timestamp="03 Dec 2019 10:20:28 GMT" time="5.660" errors="0">
  <testcase name="CreateCustomerValidSecretKey" time="5.660" classname="TestCasesScript_Using_ConfigProperties.CreateCustomer"/>
</testsuite> <!-- TestCasesScript_Using_ConfigProperties.CreateCustomer -->
