<?xml version="1.0" encoding="UTF-8"?>
<!-- Generated by org.testng.reporters.JUnitReportReporter -->
<testsuite skipped="0" hostname="DESKTOP-SCRIOB2" name="TestCasesScript_Using_Json.DeleteCustomer" tests="1" failures="0" timestamp="03 Dec 2019 10:29:25 GMT" time="5.592" errors="0">
  <testcase name="DeleteCustomerWithValidSecretKey" time="5.592" classname="TestCasesScript_Using_Json.DeleteCustomer"/>
</testsuite> <!-- TestCasesScript_Using_Json.DeleteCustomer -->
