<?xml version="1.0" encoding="UTF-8"?>
<!-- Generated by org.testng.reporters.JUnitReportReporter -->
<testsuite skipped="0" hostname="DESKTOP-SCRIOB2" name="TestCasesScript.DeleteCustomer" tests="1" failures="0" timestamp="02 Dec 2019 15:04:39 GMT" time="4.837" errors="0">
  <testcase name="DeleteCustomerWithValidSecretKey" time="4.837" classname="TestCasesScript.DeleteCustomer"/>
</testsuite> <!-- TestCasesScript.DeleteCustomer -->
