<?xml version="1.0" encoding="UTF-8"?>
<!-- Generated by org.testng.reporters.JUnitReportReporter -->
<testsuite skipped="0" hostname="DESKTOP-SCRIOB2" name="TestCasesScript.UpdateCustomer" tests="1" failures="0" timestamp="01 Dec 2019 14:37:45 GMT" time="4.100" errors="0">
  <testcase name="RetriveCustomerValidSecretKey" time="4.100" classname="TestCasesScript.UpdateCustomer"/>
</testsuite> <!-- TestCasesScript.UpdateCustomer -->
