<?xml version="1.0" encoding="UTF-8"?>
<!-- Generated by org.testng.reporters.JUnitReportReporter -->
<testsuite skipped="0" hostname="DESKTOP-SCRIOB2" name="TestCasesScript_Using_ConfigProperties.CreateCustomer_Config" tests="1" failures="0" timestamp="06 Dec 2019 12:16:57 GMT" time="5.316" errors="0">
  <testcase name="CreateCustomerValidSecretKey" time="5.316" classname="TestCasesScript_Using_ConfigProperties.CreateCustomer_Config"/>
</testsuite> <!-- TestCasesScript_Using_ConfigProperties.CreateCustomer_Config -->
