<?xml version="1.0" encoding="UTF-8"?>
<!-- Generated by org.testng.reporters.JUnitReportReporter -->
<testsuite skipped="0" hostname="DESKTOP-SCRIOB2" name="TestJson.ValidateCreateCustomerAPI" tests="4" failures="0" timestamp="01 Dec 2019 10:51:53 GMT" time="9.096" errors="0">
  <testcase name="validateAPIWithValidSecretKey" time="1.389" classname="TestJson.ValidateCreateCustomerAPI"/>
  <testcase name="validateAPIWithValidSecretKey" time="5.117" classname="TestJson.ValidateCreateCustomerAPI"/>
  <testcase name="validateAPIWithValidParameters" time="1.423" classname="TestJson.ValidateCreateCustomerAPI"/>
  <testcase name="validateAPIWithValidParameters" time="1.167" classname="TestJson.ValidateCreateCustomerAPI"/>
</testsuite> <!-- TestJson.ValidateCreateCustomerAPI -->
