<?xml version="1.0" encoding="UTF-8"?>
<!-- Generated by org.testng.reporters.JUnitReportReporter -->
<testsuite skipped="0" hostname="DESKTOP-SCRIOB2" name="TestCasesScript.Dummy" tests="3" failures="0" timestamp="03 Dec 2019 06:20:47 GMT" time="36.253" errors="0">
  <testcase name="PostCustomerDetails" time="9.415" classname="TestCasesScript.Dummy"/>
  <testcase name="GetCustomerDetails" time="7.391" classname="TestCasesScript.Dummy"/>
  <testcase name="DeleteCustomerDetails" time="19.447" classname="TestCasesScript.Dummy"/>
</testsuite> <!-- TestCasesScript.Dummy -->
