<?xml version="1.0" encoding="UTF-8"?>
<!-- Generated by org.testng.reporters.JUnitReportReporter -->
<testsuite skipped="0" hostname="DESKTOP-SCRIOB2" name="TestCasesScript.CreateCustomer" tests="6" failures="0" timestamp="02 Dec 2019 18:29:59 GMT" time="9.613" errors="0">
  <testcase name="CreateCustomerValidSecretKey" time="4.475" classname="TestCasesScript.CreateCustomer"/>
  <testcase name="CreateCustomerValidParameter" time="1.258" classname="TestCasesScript.CreateCustomer"/>
  <testcase name="CreateCustomerWithInvalidParameter" time="1.171" classname="TestCasesScript.CreateCustomer"/>
  <testcase name="CreateCustomerWithInvalidSecretKey" time="1.270" classname="TestCasesScript.CreateCustomer"/>
  <testcase name="CreateCustomerWithNoSecretKey" time="0.733" classname="TestCasesScript.CreateCustomer"/>
  <testcase name="test" time="0.706" classname="TestCasesScript.CreateCustomer"/>
</testsuite> <!-- TestCasesScript.CreateCustomer -->
