<?xml version="1.0" encoding="UTF-8"?>
<!-- Generated by org.testng.reporters.JUnitReportReporter -->
<testsuite skipped="0" hostname="DESKTOP-SCRIOB2" name="TestCasesScript_Using_ConfigProperties.DeleteCustomer_Config" tests="1" failures="0" timestamp="06 Dec 2019 12:16:57 GMT" time="3.967" errors="0">
  <testcase name="DeleteCustomerWithValidSecretKey" time="3.967" classname="TestCasesScript_Using_ConfigProperties.DeleteCustomer_Config"/>
</testsuite> <!-- TestCasesScript_Using_ConfigProperties.DeleteCustomer_Config -->
