<?xml version="1.0" encoding="UTF-8"?>
<!-- Generated by org.testng.reporters.JUnitReportReporter -->
<testsuite skipped="0" hostname="DESKTOP-SCRIOB2" name="TestJson.TestDummy" tests="1" failures="0" timestamp="01 Dec 2019 12:00:18 GMT" time="5.174" errors="0">
  <testcase name="validateAPIWithValidSecretKey" time="5.174" classname="TestJson.TestDummy"/>
</testsuite> <!-- TestJson.TestDummy -->
