<?xml version="1.0" encoding="UTF-8"?>
<!-- Generated by org.testng.reporters.JUnitReportReporter -->
<testsuite skipped="0" hostname="DESKTOP-SCRIOB2" name="TestCasesScript_Using_ConfigProperties.DeleteCustomer" tests="1" failures="0" timestamp="03 Dec 2019 10:20:28 GMT" time="2.165" errors="0">
  <testcase name="DeleteCustomerWithValidSecretKey" time="2.165" classname="TestCasesScript_Using_ConfigProperties.DeleteCustomer"/>
</testsuite> <!-- TestCasesScript_Using_ConfigProperties.DeleteCustomer -->
