<?xml version="1.0" encoding="UTF-8"?>
<!-- Generated by org.testng.reporters.JUnitReportReporter -->
<testsuite skipped="0" hostname="DESKTOP-SCRIOB2" name="TestJson.ValidateRetriveCustomerAPI" tests="1" failures="0" timestamp="01 Dec 2019 10:18:19 GMT" time="0.567" errors="0">
  <testcase name="RetriveCustomerAPI" time="0.567" classname="TestJson.ValidateRetriveCustomerAPI"/>
</testsuite> <!-- TestJson.ValidateRetriveCustomerAPI -->
